Arguments: 
  /usr/local/bin/node /usr/local/Cellar/yarn/1.3.2/libexec/bin/yarn.js publish

PATH: 
  /Users/ascatox/go/bin:/usr/local/bin:/usr/bin:/bin:/usr/sbin:/sbin:/opt/X11/bin:/Library/TeX/texbin:/Users/ascatox/Library/Android/sdk/platform-tools:/Users/ascatox/Library/Android/sdk/tools

Yarn version: 
  1.3.2

Node version: 
  8.9.4

Platform: 
  darwin x64

npm manifest: 
  {
    "name": "@ascatox/node-ledger-client",
    "version": "1.0.0",
    "description": "Hyperledger client for Node.js",
    "main": "LedgerClient.js",
    "scripts": {
      "build": "tsc",
      "dev": "tsc --watch & nodemon dist",
      "test": "tsc && mocha dist/**/*.spec.js",
      "lint": "eslint src --ext ts",
      "tsc": "tsc"
    },
    "keywords": [],
    "author": "ascatox",
    "license": "ISC",
    "dependencies": {
      "@types/node": "8.9.0",
      "fabric-client": "1.0.8",
      "fabric-ca-client": "1.0.8",
      "winston": "2.4.2",
      "moment": "2.22.1"
    },
    "devDependencies": {
      "@types/mocha": "2.2.41",
      "@types/node": "8.9.0",
      "eslint": "4.0.0",
      "eslint-config-airbnb-base": "11.2.0",
      "eslint-plugin-import": "2.3.0",
      "eslint-plugin-promise": "3.5.0",
      "mocha": "3.4.2",
      "supertest": "3.0.0",
      "tsc": "1.20150623.0",
      "typescript": "2.3.3",
      "typescript-eslint-parser": "3.0.0",
      "fabric-client": "1.0.8",
      "fabric-ca-client": "1.0.8"
    }
  }

yarn manifest: 
  No manifest

Lockfile: 
  No lockfile

Trace: 
  Error: canceled
      at Interface.<anonymous> (/usr/local/Cellar/yarn/1.3.2/libexec/lib/cli.js:121045:13)
      at emitNone (events.js:106:13)
      at Interface.emit (events.js:208:7)
      at Interface._ttyWrite (readline.js:775:16)
      at ReadStream.onkeypress (readline.js:160:10)
      at emitTwo (events.js:126:13)
      at ReadStream.emit (events.js:214:7)
      at emitKeys (internal/readline.js:420:14)
      at emitKeys.next (<anonymous>)
      at ReadStream.onData (readline.js:1011:36)
